# JRE version: Java(TM) SE Runtime Environment (17.0.1+12) (build 17.0.1+12-LTS-39)
# Java VM: Java HotSpot(TM) 64-Bit Server VM (17.0.1+12-LTS-39, mixed mode, emulated-client, sharing, tiered, compressed oops, compressed class ptrs, g1 gc, windows-amd64)
GC Precious Log:
 CPUs: 8 total, 8 available
 Memory: 7778M
 Large Page Support: Disabled
 NUMA Support: Disabled
 Compressed Oops: Enabled (32-bit)
 Heap Region Size: 1M
 Heap Min Capacity: 8M
 Heap Initial Capacity: 122M
 Heap Max Capacity: 1946M
 Pre-touch: Disabled
 Parallel Workers: 8
 Concurrent Workers: 2
 Concurrent Refinement Workers: 8
 Periodic GC: Disabled
Heap:
 garbage-first heap   total 65536K, used 43480K [0x0000000086600000, 0x0000000100000000)
  region size 1024K, 21 young (21504K), 2 survivors (2048K)
 Metaspace       used 50255K, committed 50624K, reserved 1097728K
  class space    used 7106K, committed 7296K, reserved 1048576K
GC Heap History (20 events):
Event: 3.335 GC heap before
{Heap before GC invocations=8 (full 0):
 garbage-first heap   total 65536K, used 43206K [0x0000000086600000, 0x0000000100000000)
  region size 1024K, 30 young (30720K), 1 survivors (1024K)
 Metaspace       used 35650K, committed 35968K, reserved 1081344K
  class space    used 4952K, committed 5120K, reserved 1048576K
}
Event: 3.337 GC heap after
{Heap after GC invocations=9 (full 0):
 garbage-first heap   total 65536K, used 17160K [0x0000000086600000, 0x0000000100000000)
  region size 1024K, 4 young (4096K), 4 survivors (4096K)
 Metaspace       used 35650K, committed 35968K, reserved 1081344K
  class space    used 4952K, committed 5120K, reserved 1048576K
}
Event: 3.699 GC heap before
{Heap before GC invocations=10 (full 0):
 garbage-first heap   total 65536K, used 46856K [0x0000000086600000, 0x0000000100000000)
  region size 1024K, 34 young (34816K), 4 survivors (4096K)
 Metaspace       used 39675K, committed 40000K, reserved 1089536K
  class space    used 5527K, committed 5696K, reserved 1048576K
}
Event: 3.702 GC heap after
{Heap after GC invocations=11 (full 0):
 garbage-first heap   total 65536K, used 18629K [0x0000000086600000, 0x0000000100000000)
  region size 1024K, 2 young (2048K), 2 survivors (2048K)
 Metaspace       used 39675K, committed 40000K, reserved 1089536K
  class space    used 5527K, committed 5696K, reserved 1048576K
}
Event: 3.718 GC heap before
{Heap before GC invocations=11 (full 0):
 garbage-first heap   total 65536K, used 19653K [0x0000000086600000, 0x0000000100000000)
  region size 1024K, 3 young (3072K), 2 survivors (2048K)
 Metaspace       used 39920K, committed 40256K, reserved 1089536K
  class space    used 5557K, committed 5696K, reserved 1048576K
}
Event: 3.720 GC heap after
{Heap after GC invocations=12 (full 0):
 garbage-first heap   total 65536K, used 18993K [0x0000000086600000, 0x0000000100000000)
  region size 1024K, 1 young (1024K), 1 survivors (1024K)
 Metaspace       used 39920K, committed 40256K, reserved 1089536K
  class space    used 5557K, committed 5696K, reserved 1048576K
}
Event: 4.460 GC heap before
{Heap before GC invocations=12 (full 0):
 garbage-first heap   total 65536K, used 48689K [0x0000000086600000, 0x0000000100000000)
  region size 1024K, 30 young (30720K), 1 survivors (1024K)
 Metaspace       used 45680K, committed 45952K, reserved 1089536K
  class space    used 6460K, committed 6592K, reserved 1048576K
}
Event: 4.462 GC heap after
{Heap after GC invocations=13 (full 0):
 garbage-first heap   total 65536K, used 20371K [0x0000000086600000, 0x0000000100000000)
  region size 1024K, 2 young (2048K), 2 survivors (2048K)
 Metaspace       used 45680K, committed 45952K, reserved 1089536K
  class space    used 6460K, committed 6592K, reserved 1048576K
}
Event: 4.866 GC heap before
{Heap before GC invocations=13 (full 0):
 garbage-first heap   total 65536K, used 50067K [0x0000000086600000, 0x0000000100000000)
  region size 1024K, 31 young (31744K), 2 survivors (2048K)
 Metaspace       used 49486K, committed 49792K, reserved 1097728K
  class space    used 7003K, committed 7104K, reserved 1048576K
}
Event: 4.870 GC heap after
{Heap after GC invocations=14 (full 0):
 garbage-first heap   total 65536K, used 22819K [0x0000000086600000, 0x0000000100000000)
  region size 1024K, 4 young (4096K), 4 survivors (4096K)
 Metaspace       used 49486K, committed 49792K, reserved 1097728K
  class space    used 7003K, committed 7104K, reserved 1048576K
}
Event: 1781.667 GC heap before
{Heap before GC invocations=14 (full 0):
 garbage-first heap   total 65536K, used 50467K [0x0000000086600000, 0x0000000100000000)
  region size 1024K, 31 young (31744K), 4 survivors (4096K)
 Metaspace       used 50237K, committed 50624K, reserved 1097728K
  class space    used 7103K, committed 7296K, reserved 1048576K
}
Event: 1781.712 GC heap after
{Heap after GC invocations=15 (full 0):
 garbage-first heap   total 65536K, used 24154K [0x0000000086600000, 0x0000000100000000)
  region size 1024K, 2 young (2048K), 2 survivors (2048K)
 Metaspace       used 50237K, committed 50624K, reserved 1097728K
  class space    used 7103K, committed 7296K, reserved 1048576K
}
Event: 4435.705 GC heap before
{Heap before GC invocations=15 (full 0):
 garbage-first heap   total 65536K, used 50778K [0x0000000086600000, 0x0000000100000000)
  region size 1024K, 28 young (28672K), 2 survivors (2048K)
 Metaspace       used 50254K, committed 50624K, reserved 1097728K
  class space    used 7106K, committed 7296K, reserved 1048576K
}
Event: 4435.713 GC heap after
{Heap after GC invocations=16 (full 0):
 garbage-first heap   total 65536K, used 24488K [0x0000000086600000, 0x0000000100000000)
  region size 1024K, 2 young (2048K), 2 survivors (2048K)
 Metaspace       used 50254K, committed 50624K, reserved 1097728K
  class space    used 7106K, committed 7296K, reserved 1048576K
}
Event: 7128.313 GC heap before
{Heap before GC invocations=16 (full 0):
 garbage-first heap   total 65536K, used 52136K [0x0000000086600000, 0x0000000100000000)
  region size 1024K, 29 young (29696K), 2 survivors (2048K)
 Metaspace       used 50254K, committed 50624K, reserved 1097728K
  class space    used 7106K, committed 7296K, reserved 1048576K
}
Event: 7128.354 GC heap after
{Heap after GC invocations=17 (full 0):
 garbage-first heap   total 65536K, used 24928K [0x0000000086600000, 0x0000000100000000)
  region size 1024K, 3 young (3072K), 3 survivors (3072K)
 Metaspace       used 50254K, committed 50624K, reserved 1097728K
  class space    used 7106K, committed 7296K, reserved 1048576K
}
Event: 10611.611 GC heap before
{Heap before GC invocations=17 (full 0):
 garbage-first heap   total 65536K, used 51552K [0x0000000086600000, 0x0000000100000000)
  region size 1024K, 29 young (29696K), 3 survivors (3072K)
 Metaspace       used 50255K, committed 50624K, reserved 1097728K
  class space    used 7106K, committed 7296K, reserved 1048576K
}
Event: 10611.645 GC heap after
{Heap after GC invocations=18 (full 0):
 garbage-first heap   total 65536K, used 25071K [0x0000000086600000, 0x0000000100000000)
  region size 1024K, 2 young (2048K), 2 survivors (2048K)
 Metaspace       used 50255K, committed 50624K, reserved 1097728K
  class space    used 7106K, committed 7296K, reserved 1048576K
}
Event: 12469.413 GC heap before
{Heap before GC invocations=18 (full 0):
 garbage-first heap   total 65536K, used 53743K [0x0000000086600000, 0x0000000100000000)
  region size 1024K, 30 young (30720K), 2 survivors (2048K)
 Metaspace       used 50255K, committed 50624K, reserved 1097728K
  class space    used 7106K, committed 7296K, reserved 1048576K
}
Event: 12469.426 GC heap after
{Heap after GC invocations=19 (full 0):
 garbage-first heap   total 65536K, used 25048K [0x0000000086600000, 0x0000000100000000)
  region size 1024K, 2 young (2048K), 2 survivors (2048K)
 Metaspace       used 50255K, committed 50624K, reserved 1097728K
  class space    used 7106K, committed 7296K, reserved 1048576K
}

